2019-11-07 17:35:16,531 [Worker-6: Loading available Gradle versions] INFO  o.e.b.c.i.u.g.PublishedGradleVersions - Gradle version information cache is up-to-date. Trying to read.
2019-11-07 17:37:15,462 [Worker-1: Importing Maven projects] INFO  o.e.m.c.i.l.LifecycleMappingFactory - Using org.maven.ide.eclipse.wtp.WarLifecycleMapping lifecycle mapping for MavenProject: com.how2java.tmall:tmall_springboot:0.0.1-SNAPSHOT @ F:\,,tmTest\tmall_springboot111\pom.xml.
2019-11-07 17:37:20,223 [Worker-1: Importing Maven projects] INFO  o.e.m.j.i.AbstractJavaProjectConfigurator - Adding source folder /tmall_springboot/src/main/java
2019-11-07 17:37:20,223 [Worker-1: Importing Maven projects] INFO  o.e.m.j.i.AbstractJavaProjectConfigurator - Adding resource folder /tmall_springboot/src/main/resources
2019-11-07 17:37:20,229 [Worker-1: Importing Maven projects] INFO  o.e.m.j.i.AbstractJavaProjectConfigurator - Adding resource folder /tmall_springboot/src/main/resources
2019-11-07 17:37:20,235 [Worker-1: Importing Maven projects] INFO  o.e.m.j.i.AbstractJavaProjectConfigurator - Adding source folder /tmall_springboot/src/test/java
2019-11-07 17:37:29,978 [Worker-1: Importing Maven projects] INFO  o.e.m.c.i.p.ProjectConfigurationManager - Imported and configured 1 project(s) in 17 sec
2019-11-07 17:37:31,744 [Worker-19: Building workspace] INFO  o.e.m.c.i.embedder.EclipseLogger - Using 'UTF-8' encoding to copy filtered resources.
2019-11-07 17:37:31,749 [Worker-19: Building workspace] INFO  o.e.m.c.i.embedder.EclipseLogger - Copying 1 resource
2019-11-07 17:37:31,790 [Worker-19: Building workspace] INFO  o.e.m.c.i.embedder.EclipseLogger - Copying 5 resources
2019-11-07 17:37:31,895 [Worker-19: Building workspace] INFO  o.e.m.c.i.embedder.EclipseLogger - Using 'UTF-8' encoding to copy filtered resources.
2019-11-07 17:37:31,895 [Worker-19: Building workspace] INFO  o.e.m.c.i.embedder.EclipseLogger - skip non existing resourceDirectory F:\,,tmTest\tmall_springboot111\src\test\resources
2019-11-07 17:39:48,989 [Worker-16: Importing Maven projects] INFO  o.e.m.c.i.l.LifecycleMappingFactory - Using org.maven.ide.eclipse.wtp.WarLifecycleMapping lifecycle mapping for MavenProject: com.how2java.tmall:tmall_springboot:0.0.1-SNAPSHOT @ F:\,,tmTest\tmall_springboot\pom.xml.
2019-11-07 17:39:53,730 [Worker-16: Importing Maven projects] INFO  o.e.m.j.i.AbstractJavaProjectConfigurator - Adding source folder /tmall_springboot/src/main/java
2019-11-07 17:39:53,731 [Worker-16: Importing Maven projects] INFO  o.e.m.j.i.AbstractJavaProjectConfigurator - Adding resource folder /tmall_springboot/src/main/resources
2019-11-07 17:39:53,737 [Worker-16: Importing Maven projects] INFO  o.e.m.j.i.AbstractJavaProjectConfigurator - Adding resource folder /tmall_springboot/src/main/resources
2019-11-07 17:39:53,762 [Worker-16: Importing Maven projects] INFO  o.e.m.j.i.AbstractJavaProjectConfigurator - Adding source folder /tmall_springboot/src/test/java
2019-11-07 17:39:56,523 [Worker-16: Importing Maven projects] INFO  o.e.m.c.i.p.ProjectConfigurationManager - Imported and configured 1 project(s) in 9 sec
2019-11-07 17:40:00,013 [Worker-17: Building workspace] INFO  o.e.m.c.i.embedder.EclipseLogger - Using 'UTF-8' encoding to copy filtered resources.
2019-11-07 17:40:00,019 [Worker-17: Building workspace] INFO  o.e.m.c.i.embedder.EclipseLogger - Copying 1 resource
2019-11-07 17:40:00,050 [Worker-17: Building workspace] INFO  o.e.m.c.i.embedder.EclipseLogger - Copying 62 resources
2019-11-07 17:40:00,217 [Worker-17: Building workspace] INFO  o.e.m.c.i.embedder.EclipseLogger - Using 'UTF-8' encoding to copy filtered resources.
2019-11-07 17:40:00,217 [Worker-17: Building workspace] INFO  o.e.m.c.i.embedder.EclipseLogger - skip non existing resourceDirectory F:\,,tmTest\tmall_springboot\src\test\resources
2019-11-07 19:25:04,497 [Worker-4: Loading available Gradle versions] INFO  o.e.b.c.i.u.g.PublishedGradleVersions - Gradle version information cache is up-to-date. Trying to read.
2019-11-07 19:25:42,466 [Worker-14: Building workspace] INFO  o.e.m.c.i.embedder.EclipseLogger - Using 'UTF-8' encoding to copy filtered resources.
2019-11-07 19:25:42,472 [Worker-14: Building workspace] INFO  o.e.m.c.i.embedder.EclipseLogger - Copying 1 resource
2019-11-07 19:25:42,975 [Worker-14: Building workspace] INFO  o.e.m.c.i.embedder.EclipseLogger - Copying 62 resources
2019-11-07 19:25:45,712 [Worker-14: Building workspace] INFO  o.e.m.c.i.embedder.EclipseLogger - Using 'UTF-8' encoding to copy filtered resources.
2019-11-07 19:25:45,712 [Worker-14: Building workspace] INFO  o.e.m.c.i.embedder.EclipseLogger - skip non existing resourceDirectory F:\,,tmTest\tmall_springboot\src\test\resources
2019-11-07 19:31:40,615 [Worker-8: Building workspace] INFO  o.e.m.c.i.embedder.EclipseLogger - Using 'UTF-8' encoding to copy filtered resources.
2019-11-07 19:31:40,644 [Worker-8: Building workspace] INFO  o.e.m.c.i.embedder.EclipseLogger - Copying 1 resource
2019-11-07 19:31:40,654 [Worker-8: Building workspace] INFO  o.e.m.c.i.embedder.EclipseLogger - Copying 62 resources
2019-11-07 19:31:40,668 [Worker-8: Building workspace] INFO  o.e.m.c.i.embedder.EclipseLogger - Using 'UTF-8' encoding to copy filtered resources.
2019-11-07 19:31:40,668 [Worker-8: Building workspace] INFO  o.e.m.c.i.embedder.EclipseLogger - skip non existing resourceDirectory F:\,,tmTest\tmall_springboot\src\test\resources
2019-11-07 19:31:40,670 [Worker-8: Building workspace] INFO  o.e.m.w.i.f.ResourceFilteringBuildParticipant - Changed resources require a complete clean of filtered resources of tmall_springboot
2019-11-07 19:31:40,671 [Worker-8: Building workspace] INFO  o.e.m.w.i.f.ResourceFilteringBuildParticipant - Executing resource filtering for tmall_springboot
2019-11-07 19:31:40,933 [Worker-8: Building workspace] INFO  o.e.m.c.i.embedder.EclipseLogger - Using 'UTF-8' encoding to copy filtered resources.
2019-11-07 19:31:48,925 [Worker-6: Building workspace] INFO  o.e.m.c.i.embedder.EclipseLogger - Using 'UTF-8' encoding to copy filtered resources.
2019-11-07 19:31:48,932 [Worker-6: Building workspace] INFO  o.e.m.c.i.embedder.EclipseLogger - Copying 1 resource
2019-11-07 19:31:48,942 [Worker-6: Building workspace] INFO  o.e.m.c.i.embedder.EclipseLogger - Copying 62 resources
2019-11-07 19:31:48,956 [Worker-6: Building workspace] INFO  o.e.m.c.i.embedder.EclipseLogger - Using 'UTF-8' encoding to copy filtered resources.
2019-11-07 19:31:48,956 [Worker-6: Building workspace] INFO  o.e.m.c.i.embedder.EclipseLogger - skip non existing resourceDirectory F:\,,tmTest\tmall_springboot\src\test\resources
2019-11-07 19:31:48,957 [Worker-6: Building workspace] INFO  o.e.m.w.i.f.ResourceFilteringBuildParticipant - Changed resources require a complete clean of filtered resources of tmall_springboot
2019-11-07 19:31:48,957 [Worker-6: Building workspace] INFO  o.e.m.w.i.f.ResourceFilteringBuildParticipant - Executing resource filtering for tmall_springboot
2019-11-07 19:31:48,961 [Worker-6: Building workspace] INFO  o.e.m.c.i.embedder.EclipseLogger - Using 'UTF-8' encoding to copy filtered resources.
